<?xml version="1.0" encoding="UTF-8"?>
<!-- Generated by org.testng.reporters.JUnitReportReporter -->
<testsuite hostname="LAPTOP-PU8VKKP8" failures="0" tests="1" name="test.LoginTestOrange" time="19.776" errors="0" timestamp="2022-07-05T15:09:42 IST" skipped="0">
  <testcase classname="test.LoginTestOrange" name="loginTest" time="19.776"/>
  <system-out/>
</testsuite> <!-- test.LoginTestOrange -->
