<?xml version="1.0" encoding="UTF-8"?>
<!-- Generated by org.testng.reporters.JUnitReportReporter -->
<testsuite hostname="LAPTOP-PU8VKKP8" failures="0" tests="1" name="test.LoginTest" time="5.510" errors="0" timestamp="2022-07-05T11:51:30 IST" skipped="0">
  <testcase classname="test.LoginTest" name="loginTest" time="5.510"/>
  <system-out/>
</testsuite> <!-- test.LoginTest -->
